Copyright 1986-2015 Xilinx, Inc. All Rights Reserved.
----------------------------------------------------------------------------------------
| Tool Version     : Vivado v.2015.4 (lin64) Build 1412921 Wed Nov 18 09:44:32 MST 2015
| Date             : Tue Mar  8 11:16:46 2016
| Host             : Ubuntu14VM running 64-bit Ubuntu 14.04.4 LTS
| Command          : 
| Design           : design_1_wrapper
| Device           : xc7z020clg484-1
| Design State     : routed
| Grade            : commercial
| Process          : typical
| Characterization : Production
----------------------------------------------------------------------------------------

Power Report

Table of Contents
-----------------
1. Summary
1.1 On-Chip Components
1.2 Power Supply Summary
1.3 Confidence Level
2. Settings
2.1 Environment
2.2 Clock Constraints
3. Detailed Reports
3.1 By Hierarchy

1. Summary
----------

+--------------------------+-------+
| Total On-Chip Power (W)  | 1.737 |
| Dynamic (W)              | 1.578 |
| Device Static (W)        | 0.159 |
| Effective TJA (C/W)      | 11.5  |
| Max Ambient (C)          | 65.0  |
| Junction Temperature (C) | 45.0  |
| Confidence Level         | Low   |
| Setting File             | ---   |
| Simulation Activity File | ---   |
| Design Nets Matched      | NA    |
+--------------------------+-------+


1.1 On-Chip Components
----------------------

+--------------------------+-----------+----------+-----------+-----------------+
| On-Chip                  | Power (W) | Used     | Available | Utilization (%) |
+--------------------------+-----------+----------+-----------+-----------------+
| Clocks                   |     0.021 |        5 |       --- |             --- |
| Slice Logic              |     0.005 |    13961 |       --- |             --- |
|   LUT as Logic           |     0.004 |     5119 |     53200 |            9.62 |
|   CARRY4                 |    <0.001 |      343 |     13300 |            2.58 |
|   Register               |    <0.001 |     6439 |    106400 |            6.05 |
|   F7/F8 Muxes            |    <0.001 |       10 |     53200 |            0.02 |
|   LUT as Shift Register  |    <0.001 |      246 |     17400 |            1.41 |
|   LUT as Distributed RAM |    <0.001 |       18 |     17400 |            0.10 |
|   Others                 |     0.000 |      547 |       --- |             --- |
| Signals                  |     0.007 |    10282 |       --- |             --- |
| Block RAM                |    <0.001 |        6 |       140 |            4.29 |
| DSPs                     |     0.003 |        4 |       220 |            1.82 |
| I/O                      |     0.009 |        6 |       200 |            3.00 |
| PS7                      |     1.533 |        1 |       --- |             --- |
| Static Power             |     0.159 |          |           |                 |
| Total                    |     1.737 |          |           |                 |
+--------------------------+-----------+----------+-----------+-----------------+


1.2 Power Supply Summary
------------------------

+-----------+-------------+-----------+-------------+------------+
| Source    | Voltage (V) | Total (A) | Dynamic (A) | Static (A) |
+-----------+-------------+-----------+-------------+------------+
| Vccint    |       1.000 |     0.052 |       0.036 |      0.015 |
| Vccaux    |       1.800 |     0.021 |       0.000 |      0.021 |
| Vcco33    |       3.300 |     0.003 |       0.002 |      0.001 |
| Vcco25    |       2.500 |     0.000 |       0.000 |      0.000 |
| Vcco18    |       1.800 |     0.001 |       0.000 |      0.001 |
| Vcco15    |       1.500 |     0.001 |       0.000 |      0.001 |
| Vcco135   |       1.350 |     0.000 |       0.000 |      0.000 |
| Vcco12    |       1.200 |     0.000 |       0.000 |      0.000 |
| Vccaux_io |       1.800 |     0.000 |       0.000 |      0.000 |
| Vccbram   |       1.000 |     0.001 |       0.000 |      0.001 |
| MGTAVcc   |       1.000 |     0.000 |       0.000 |      0.000 |
| MGTAVtt   |       1.200 |     0.000 |       0.000 |      0.000 |
| MGTVccaux |       1.800 |     0.000 |       0.000 |      0.000 |
| Vccpint   |       1.000 |     0.753 |       0.722 |      0.031 |
| Vccpaux   |       1.800 |     0.061 |       0.051 |      0.010 |
| Vccpll    |       1.800 |     0.017 |       0.014 |      0.003 |
| Vcco_ddr  |       1.500 |     0.459 |       0.457 |      0.002 |
| Vcco_mio0 |       3.300 |     0.003 |       0.002 |      0.001 |
| Vcco_mio1 |       1.800 |     0.003 |       0.002 |      0.001 |
| Vccadc    |       1.800 |     0.020 |       0.000 |      0.020 |
+-----------+-------------+-----------+-------------+------------+


1.3 Confidence Level
--------------------

+-----------------------------+------------+--------------------------------------------------------+------------------------------------------------------------------------------------------------------------+
| User Input Data             | Confidence | Details                                                | Action                                                                                                     |
+-----------------------------+------------+--------------------------------------------------------+------------------------------------------------------------------------------------------------------------+
| Design implementation state | High       | Design is routed                                       |                                                                                                            |
| Clock nodes activity        | High       | User specified more than 95% of clocks                 |                                                                                                            |
| I/O nodes activity          | Low        | More than 75% of inputs are missing user specification | Provide missing input activity with simulation results or by editing the "By Resource Type -> I/Os" view   |
| Internal nodes activity     | Medium     | User specified less than 25% of internal nodes         | Provide missing internal nodes activity with simulation results or by editing the "By Resource Type" views |
| Device models               | High       | Device models are Production                           |                                                                                                            |
|                             |            |                                                        |                                                                                                            |
| Overall confidence level    | Low        |                                                        |                                                                                                            |
+-----------------------------+------------+--------------------------------------------------------+------------------------------------------------------------------------------------------------------------+


2. Settings
-----------

2.1 Environment
---------------

+-----------------------+------------------------+
| Ambient Temp (C)      | 25.0                   |
| ThetaJA (C/W)         | 11.5                   |
| Airflow (LFM)         | 250                    |
| Heat Sink             | none                   |
| ThetaSA (C/W)         | 0.0                    |
| Board Selection       | medium (10"x10")       |
| # of Board Layers     | 8to11 (8 to 11 Layers) |
| Board Temperature (C) | 25.0                   |
+-----------------------+------------------------+


2.2 Clock Constraints
---------------------

+------------+-------------------------------------------------------------+-----------------+
| Clock      | Domain                                                      | Constraint (ns) |
+------------+-------------------------------------------------------------+-----------------+
| clk_fpga_0 | design_1_i/processing_system7_0/inst/FCLK_CLK_unbuffered[0] |            10.0 |
| clk_fpga_1 | design_1_i/processing_system7_0/inst/FCLK_CLK_unbuffered[1] |            41.0 |
| clk_fpga_2 | design_1_i/processing_system7_0/inst/FCLK_CLK_unbuffered[2] |            41.0 |
+------------+-------------------------------------------------------------+-----------------+


3. Detailed Reports
-------------------

3.1 By Hierarchy
----------------

+---------------------------------------------------------------------------------------------------------------------------------------------------------------------------------------------------------+-----------+
| Name                                                                                                                                                                                                    | Power (W) |
+---------------------------------------------------------------------------------------------------------------------------------------------------------------------------------------------------------+-----------+
| design_1_wrapper                                                                                                                                                                                        |     1.578 |
|   design_1_i                                                                                                                                                                                            |     1.569 |
|     axi_mem_intercon                                                                                                                                                                                    |     0.006 |
|       m00_couplers                                                                                                                                                                                      |     0.002 |
|         auto_pc                                                                                                                                                                                         |     0.002 |
|           inst                                                                                                                                                                                          |     0.002 |
|             gen_axi4_axi3.axi3_conv_inst                                                                                                                                                                |     0.002 |
|               USE_READ.USE_SPLIT_R.read_addr_inst                                                                                                                                                       |    <0.001 |
|                 USE_R_CHANNEL.cmd_queue                                                                                                                                                                 |    <0.001 |
|                   inst                                                                                                                                                                                  |    <0.001 |
|                     fifo_gen_inst                                                                                                                                                                       |    <0.001 |
|                       inst_fifo_gen                                                                                                                                                                     |    <0.001 |
|                         gconvfifo.rf                                                                                                                                                                    |    <0.001 |
|                           grf.rf                                                                                                                                                                        |    <0.001 |
|                             gntv_or_sync_fifo.gl0.rd                                                                                                                                                    |    <0.001 |
|                               gr1.rfwft                                                                                                                                                                 |    <0.001 |
|                               grss.rsts                                                                                                                                                                 |    <0.001 |
|                               rpntr                                                                                                                                                                     |    <0.001 |
|                             gntv_or_sync_fifo.gl0.wr                                                                                                                                                    |    <0.001 |
|                               gwss.wsts                                                                                                                                                                 |    <0.001 |
|                               wpntr                                                                                                                                                                     |    <0.001 |
|                             gntv_or_sync_fifo.mem                                                                                                                                                       |    <0.001 |
|                               gdm.dm                                                                                                                                                                    |    <0.001 |
|                                 RAM_reg_0_31_0_0                                                                                                                                                        |    <0.001 |
|                             rstblk                                                                                                                                                                      |    <0.001 |
|               USE_WRITE.USE_SPLIT_W.write_resp_inst                                                                                                                                                     |    <0.001 |
|               USE_WRITE.write_addr_inst                                                                                                                                                                 |     0.001 |
|                 USE_BURSTS.cmd_queue                                                                                                                                                                    |    <0.001 |
|                   inst                                                                                                                                                                                  |    <0.001 |
|                     fifo_gen_inst                                                                                                                                                                       |    <0.001 |
|                       inst_fifo_gen                                                                                                                                                                     |    <0.001 |
|                         gconvfifo.rf                                                                                                                                                                    |    <0.001 |
|                           grf.rf                                                                                                                                                                        |    <0.001 |
|                             gntv_or_sync_fifo.gl0.rd                                                                                                                                                    |    <0.001 |
|                               gr1.rfwft                                                                                                                                                                 |    <0.001 |
|                               grss.rsts                                                                                                                                                                 |    <0.001 |
|                               rpntr                                                                                                                                                                     |    <0.001 |
|                             gntv_or_sync_fifo.gl0.wr                                                                                                                                                    |    <0.001 |
|                               gwss.wsts                                                                                                                                                                 |    <0.001 |
|                               wpntr                                                                                                                                                                     |    <0.001 |
|                             gntv_or_sync_fifo.mem                                                                                                                                                       |    <0.001 |
|                               gdm.dm                                                                                                                                                                    |    <0.001 |
|                                 RAM_reg_0_31_0_4                                                                                                                                                        |    <0.001 |
|                             rstblk                                                                                                                                                                      |    <0.001 |
|                 USE_B_CHANNEL.cmd_b_queue                                                                                                                                                               |    <0.001 |
|                   inst                                                                                                                                                                                  |    <0.001 |
|                     fifo_gen_inst                                                                                                                                                                       |    <0.001 |
|                       inst_fifo_gen                                                                                                                                                                     |    <0.001 |
|                         gconvfifo.rf                                                                                                                                                                    |    <0.001 |
|                           grf.rf                                                                                                                                                                        |    <0.001 |
|                             gntv_or_sync_fifo.gl0.rd                                                                                                                                                    |    <0.001 |
|                               gr1.rfwft                                                                                                                                                                 |    <0.001 |
|                               grss.rsts                                                                                                                                                                 |    <0.001 |
|                               rpntr                                                                                                                                                                     |    <0.001 |
|                             gntv_or_sync_fifo.gl0.wr                                                                                                                                                    |    <0.001 |
|                               gwss.wsts                                                                                                                                                                 |    <0.001 |
|                               wpntr                                                                                                                                                                     |    <0.001 |
|                             gntv_or_sync_fifo.mem                                                                                                                                                       |    <0.001 |
|                               gdm.dm                                                                                                                                                                    |    <0.001 |
|                                 RAM_reg_0_31_0_4                                                                                                                                                        |    <0.001 |
|                             rstblk                                                                                                                                                                      |    <0.001 |
|               USE_WRITE.write_data_inst                                                                                                                                                                 |    <0.001 |
|       s00_couplers                                                                                                                                                                                      |     0.001 |
|         auto_us                                                                                                                                                                                         |     0.001 |
|           inst                                                                                                                                                                                          |     0.001 |
|             gen_upsizer.gen_full_upsizer.axi_upsizer_inst                                                                                                                                               |     0.001 |
|               USE_WRITE.gen_non_fifo_w_upsizer.write_data_inst                                                                                                                                          |    <0.001 |
|               USE_WRITE.write_addr_inst                                                                                                                                                                 |    <0.001 |
|                 GEN_CMD_QUEUE.cmd_queue                                                                                                                                                                 |    <0.001 |
|               si_register_slice_inst                                                                                                                                                                    |    <0.001 |
|                 aw_pipe                                                                                                                                                                                 |    <0.001 |
|       s01_couplers                                                                                                                                                                                      |     0.001 |
|         auto_us                                                                                                                                                                                         |     0.001 |
|           inst                                                                                                                                                                                          |     0.001 |
|             gen_upsizer.gen_full_upsizer.axi_upsizer_inst                                                                                                                                               |     0.001 |
|               USE_READ.gen_non_fifo_r_upsizer.mi_register_slice_inst                                                                                                                                    |    <0.001 |
|                 r_pipe                                                                                                                                                                                  |    <0.001 |
|               USE_READ.gen_non_fifo_r_upsizer.read_data_inst                                                                                                                                            |    <0.001 |
|               USE_READ.read_addr_inst                                                                                                                                                                   |    <0.001 |
|                 GEN_CMD_QUEUE.cmd_queue                                                                                                                                                                 |    <0.001 |
|               si_register_slice_inst                                                                                                                                                                    |    <0.001 |
|                 ar_pipe                                                                                                                                                                                 |    <0.001 |
|       xbar                                                                                                                                                                                              |     0.002 |
|         inst                                                                                                                                                                                            |     0.002 |
|           gen_samd.crossbar_samd                                                                                                                                                                        |     0.002 |
|             addr_arbiter_ar                                                                                                                                                                             |    <0.001 |
|             addr_arbiter_aw                                                                                                                                                                             |    <0.001 |
|             gen_decerr_slave.decerr_slave_inst                                                                                                                                                          |    <0.001 |
|             gen_master_slots[0].gen_mi_write.wdata_mux_w                                                                                                                                                |    <0.001 |
|               gen_wmux.wmux_aw_fifo                                                                                                                                                                     |    <0.001 |
|                 gen_srls[0].gen_rep[0].srl_nx1                                                                                                                                                          |    <0.001 |
|             gen_master_slots[0].reg_slice_mi                                                                                                                                                            |    <0.001 |
|               b_pipe                                                                                                                                                                                    |    <0.001 |
|               r_pipe                                                                                                                                                                                    |    <0.001 |
|             gen_master_slots[1].gen_mi_write.wdata_mux_w                                                                                                                                                |    <0.001 |
|               gen_wmux.wmux_aw_fifo                                                                                                                                                                     |    <0.001 |
|                 gen_srls[0].gen_rep[0].srl_nx1                                                                                                                                                          |    <0.001 |
|             gen_master_slots[1].reg_slice_mi                                                                                                                                                            |    <0.001 |
|               b_pipe                                                                                                                                                                                    |    <0.001 |
|               r_pipe                                                                                                                                                                                    |    <0.001 |
|             gen_slave_slots[0].gen_si_write.si_transactor_aw                                                                                                                                            |    <0.001 |
|             gen_slave_slots[0].gen_si_write.splitter_aw_si                                                                                                                                              |    <0.001 |
|             gen_slave_slots[0].gen_si_write.wdata_router_w                                                                                                                                              |    <0.001 |
|               wrouter_aw_fifo                                                                                                                                                                           |    <0.001 |
|                 gen_srls[0].gen_rep[0].srl_nx1                                                                                                                                                          |    <0.001 |
|             gen_slave_slots[1].gen_si_read.si_transactor_ar                                                                                                                                             |    <0.001 |
|             splitter_aw_mi                                                                                                                                                                              |    <0.001 |
|     axi_vdma_0                                                                                                                                                                                          |     0.012 |
|       U0                                                                                                                                                                                                |     0.012 |
|         AXI_LITE_REG_INTERFACE_I                                                                                                                                                                        |    <0.001 |
|           GEN_AXI_LITE_IF.AXI_LITE_IF_I                                                                                                                                                                 |    <0.001 |
|         GEN_ENABLE_INDET_BTT_SF.I_INDET_BTT/I_XD_FIFO/NON_BLK_MEM.I_SYNC_FIFOGEN_FIFO/FAMILY_SUPPORTED.I_SYNC_FIFO_BRAM/inst_fifo_gen/gconvfifo.rf/grf.rf/gntv_or_sync_fifo.mem/gdm.dm/RAM_reg_0_15_0_5 |    <0.001 |
|         GEN_ENABLE_INDET_BTT_SF.I_INDET_BTT/I_XD_FIFO/NON_BLK_MEM.I_SYNC_FIFOGEN_FIFO/FAMILY_SUPPORTED.I_SYNC_FIFO_BRAM/inst_fifo_gen/gconvfifo.rf/grf.rf/gntv_or_sync_fifo.mem/gdm.dm/RAM_reg_0_15_6_7 |    <0.001 |
|         GEN_SG_ENGINE.I_SG_ENGINE                                                                                                                                                                       |     0.002 |
|           I_SG_AXI_DATAMOVER                                                                                                                                                                            |    <0.001 |
|             GEN_MM2S_BASIC.I_MM2S_BASIC_WRAPPER                                                                                                                                                         |    <0.001 |
|               ENABLE_AXIS_SKID.I_MM2S_SKID_BUF                                                                                                                                                          |    <0.001 |
|               I_ADDR_CNTL                                                                                                                                                                               |    <0.001 |
|               I_CMD_STATUS                                                                                                                                                                              |    <0.001 |
|                 GEN_INCLUDE_STATUS_FIFO.I_STS_FIFO                                                                                                                                                      |    <0.001 |
|                 I_CMD_FIFO                                                                                                                                                                              |    <0.001 |
|               I_MSTR_SCC                                                                                                                                                                                |    <0.001 |
|               I_RD_DATA_CNTL                                                                                                                                                                            |    <0.001 |
|               I_RD_STATUS_CNTLR                                                                                                                                                                         |    <0.001 |
|               I_RESET                                                                                                                                                                                   |    <0.001 |
|           I_SG_FETCH_MNGR                                                                                                                                                                               |    <0.001 |
|             I_FTCH_CMDSTS_IF                                                                                                                                                                            |    <0.001 |
|             I_FTCH_PNTR_MNGR                                                                                                                                                                            |    <0.001 |
|             I_FTCH_SG                                                                                                                                                                                   |    <0.001 |
|           I_SG_FETCH_QUEUE                                                                                                                                                                              |    <0.001 |
|             GEN_CH2_FTCH_Q_IF.GEN_NO_CH2_QUEUE.NO_FTCH_QUEUE_I                                                                                                                                          |    <0.001 |
|         GEN_SPRT_FOR_S2MM.GEN_AXIS_S2MM_DWIDTH_CONV.AXIS_S2MM_DWIDTH_CONVERTER_I                                                                                                                        |     0.001 |
|           GEN_DWIDTH_FLUSH_SOF.S2MM_AXIS_DWIDTH_CONVERTER_I                                                                                                                                             |    <0.001 |
|             gen_downsizer_conversion.axisc_downsizer_0                                                                                                                                                  |    <0.001 |
|             gen_upsizer_conversion.axisc_upsizer_0                                                                                                                                                      |    <0.001 |
|         GEN_SPRT_FOR_S2MM.GEN_S2MM_DRE_ON_SKID.I_S2MM_SKID_FLUSH_SOF                                                                                                                                    |    <0.001 |
|         GEN_SPRT_FOR_S2MM.S2MMADDR32.I_S2MM_DMA_MNGR                                                                                                                                                    |     0.003 |
|           GEN_SG_INTERFACE.I_SG_IF                                                                                                                                                                      |    <0.001 |
|           I_CMDSTS                                                                                                                                                                                      |    <0.001 |
|           I_SM                                                                                                                                                                                          |    <0.001 |
|           I_STS_MNGR                                                                                                                                                                                    |    <0.001 |
|           VIDEO_GENLOCK_I                                                                                                                                                                               |    <0.001 |
|             DYNAMIC_GENLOCK_FOR_MASTER.GENLOCK_MUX_I                                                                                                                                                    |     0.000 |
|           VIDEO_REG_I                                                                                                                                                                                   |     0.001 |
|             GEN_SG_REGISTER.SG_ADDREG_I                                                                                                                                                                 |     0.001 |
|         GEN_SPRT_FOR_S2MM.S2MM_FSYNC_I                                                                                                                                                                  |    <0.001 |
|         GEN_SPRT_FOR_S2MM.S2MM_LINEBUFFER_I                                                                                                                                                             |    <0.001 |
|           GEN_S2MM_FLUSH_SOF_LOGIC.GEN_LINEBUFFER_FLUSH_SOF.GEN_SYNC_FIFO_FLUSH_SOF.I_LINEBUFFER_FIFO                                                                                                   |    <0.001 |
|             fg_inst                                                                                                                                                                                     |    <0.001 |
|               inst_fifo_gen                                                                                                                                                                             |    <0.001 |
|                 gconvfifo.rf                                                                                                                                                                            |    <0.001 |
|                   grf.rf                                                                                                                                                                                |    <0.001 |
|                     gntv_or_sync_fifo.gl0.rd                                                                                                                                                            |    <0.001 |
|                       gr1.rfwft                                                                                                                                                                         |    <0.001 |
|                       grss.rsts                                                                                                                                                                         |    <0.001 |
|                         c1                                                                                                                                                                              |    <0.001 |
|                         c2                                                                                                                                                                              |    <0.001 |
|                       rpntr                                                                                                                                                                             |    <0.001 |
|                     gntv_or_sync_fifo.gl0.wr                                                                                                                                                            |    <0.001 |
|                       gwss.wsts                                                                                                                                                                         |    <0.001 |
|                         c0                                                                                                                                                                              |    <0.001 |
|                         c1                                                                                                                                                                              |    <0.001 |
|                       wpntr                                                                                                                                                                             |    <0.001 |
|                     gntv_or_sync_fifo.mem                                                                                                                                                               |    <0.001 |
|                       gbm.gbmg.gbmgb.ngecc.bmg                                                                                                                                                          |    <0.001 |
|                         inst_blk_mem_gen                                                                                                                                                                |    <0.001 |
|                           gnativebmg.native_blk_mem_gen                                                                                                                                                 |    <0.001 |
|                             valid.cstr                                                                                                                                                                  |    <0.001 |
|                               ramloop[0].ram.r                                                                                                                                                          |    <0.001 |
|                                 prim_noinit.ram                                                                                                                                                         |    <0.001 |
|                               ramloop[1].ram.r                                                                                                                                                          |    <0.001 |
|                                 prim_noinit.ram                                                                                                                                                         |    <0.001 |
|                               ramloop[2].ram.r                                                                                                                                                          |    <0.001 |
|                                 prim_noinit.ram                                                                                                                                                         |    <0.001 |
|         GEN_SPRT_FOR_S2MM.S2MM_REGISTER_MODULE_I                                                                                                                                                        |    <0.001 |
|           I_DMA_REGISTER                                                                                                                                                                                |    <0.001 |
|           LITE_READ_MUX_I                                                                                                                                                                               |    <0.001 |
|         GEN_SPRT_FOR_S2MM.S2MM_SOF_I                                                                                                                                                                    |    <0.001 |
|         GEN_SPRT_FOR_S2MM.S2MM_VID_CDC_I                                                                                                                                                                |    <0.001 |
|         I_AXI_DMA_INTRPT                                                                                                                                                                                |    <0.001 |
|         I_PRMRY_DATAMOVER                                                                                                                                                                               |     0.005 |
|           GEN_S2MM_FULL.I_S2MM_FULL_WRAPPER                                                                                                                                                             |     0.005 |
|             GEN_ENABLE_INDET_BTT_SF.I_INDET_BTT                                                                                                                                                         |     0.001 |
|               ENABLE_AXIS_SKID.I_INDET_BTT_SKID_BUF                                                                                                                                                     |    <0.001 |
|               I_DATA_FIFO                                                                                                                                                                               |    <0.001 |
|                 BLK_MEM.I_SYNC_FIFOGEN_FIFO                                                                                                                                                             |    <0.001 |
|                   FAMILY_SUPPORTED.I_SYNC_FIFO_BRAM                                                                                                                                                     |    <0.001 |
|                     inst_fifo_gen                                                                                                                                                                       |    <0.001 |
|                       gconvfifo.rf                                                                                                                                                                      |    <0.001 |
|                         grf.rf                                                                                                                                                                          |    <0.001 |
|                           gntv_or_sync_fifo.gl0.rd                                                                                                                                                      |    <0.001 |
|                             gr1.rfwft                                                                                                                                                                   |    <0.001 |
|                             grss.rsts                                                                                                                                                                   |    <0.001 |
|                             rpntr                                                                                                                                                                       |    <0.001 |
|                           gntv_or_sync_fifo.gl0.wr                                                                                                                                                      |    <0.001 |
|                             gwss.wsts                                                                                                                                                                   |    <0.001 |
|                             wpntr                                                                                                                                                                       |    <0.001 |
|                           gntv_or_sync_fifo.mem                                                                                                                                                         |    <0.001 |
|                             gbm.gbmg.gbmgb.ngecc.bmg                                                                                                                                                    |    <0.001 |
|                               inst_blk_mem_gen                                                                                                                                                          |    <0.001 |
|                                 gnativebmg.native_blk_mem_gen                                                                                                                                           |    <0.001 |
|                                   valid.cstr                                                                                                                                                            |    <0.001 |
|                                     ramloop[0].ram.r                                                                                                                                                    |    <0.001 |
|                                       prim_noinit.ram                                                                                                                                                   |    <0.001 |
|               I_XD_FIFO                                                                                                                                                                                 |    <0.001 |
|                 NON_BLK_MEM.I_SYNC_FIFOGEN_FIFO                                                                                                                                                         |    <0.001 |
|                   FAMILY_SUPPORTED.I_SYNC_FIFO_BRAM                                                                                                                                                     |    <0.001 |
|                     inst_fifo_gen                                                                                                                                                                       |    <0.001 |
|                       gconvfifo.rf                                                                                                                                                                      |    <0.001 |
|                         grf.rf                                                                                                                                                                          |    <0.001 |
|                           gntv_or_sync_fifo.gl0.rd                                                                                                                                                      |    <0.001 |
|                             grhf.rhf                                                                                                                                                                    |    <0.001 |
|                             grss.gdc.dc                                                                                                                                                                 |    <0.001 |
|                               gsym_dc.dc                                                                                                                                                                |    <0.001 |
|                             grss.rsts                                                                                                                                                                   |    <0.001 |
|                             rpntr                                                                                                                                                                       |    <0.001 |
|                           gntv_or_sync_fifo.gl0.wr                                                                                                                                                      |    <0.001 |
|                             gwss.wsts                                                                                                                                                                   |    <0.001 |
|                             wpntr                                                                                                                                                                       |    <0.001 |
|                           gntv_or_sync_fifo.mem                                                                                                                                                         |    <0.001 |
|                             gdm.dm                                                                                                                                                                      |    <0.001 |
|             GEN_INCLUDE_IBTTCC.I_S2MM_MSTR_IBTTCC                                                                                                                                                       |     0.001 |
|             GEN_INCLUDE_REALIGNER.I_S2MM_REALIGNER                                                                                                                                                      |    <0.001 |
|               GEN_INCLUDE_SCATTER.I_S2MM_SCATTER                                                                                                                                                        |    <0.001 |
|                 I_MSSAI_SKID_BUF                                                                                                                                                                        |    <0.001 |
|                 I_TSTRB_FIFO                                                                                                                                                                            |    <0.001 |
|                   USE_SRL_FIFO.I_SYNC_FIFO                                                                                                                                                              |    <0.001 |
|                     I_SRL_FIFO_RBU_F                                                                                                                                                                    |    <0.001 |
|                       CNTR_INCR_DECR_ADDN_F_I                                                                                                                                                           |    <0.001 |
|                       DYNSHREG_F_I                                                                                                                                                                      |    <0.001 |
|                 SLICE_INSERTION                                                                                                                                                                         |    <0.001 |
|               I_DRE_CNTL_FIFO                                                                                                                                                                           |    <0.001 |
|                 USE_SRL_FIFO.I_SYNC_FIFO                                                                                                                                                                |    <0.001 |
|                   I_SRL_FIFO_RBU_F                                                                                                                                                                      |    <0.001 |
|                     CNTR_INCR_DECR_ADDN_F_I                                                                                                                                                             |    <0.001 |
|                     DYNSHREG_F_I                                                                                                                                                                        |    <0.001 |
|             I_ADDR_CNTL                                                                                                                                                                                 |    <0.001 |
|               GEN_ADDR_FIFO.I_ADDR_QUAL_FIFO                                                                                                                                                            |    <0.001 |
|                 USE_SRL_FIFO.I_SYNC_FIFO                                                                                                                                                                |    <0.001 |
|                   I_SRL_FIFO_RBU_F                                                                                                                                                                      |    <0.001 |
|                     CNTR_INCR_DECR_ADDN_F_I                                                                                                                                                             |    <0.001 |
|                     DYNSHREG_F_I                                                                                                                                                                        |    <0.001 |
|             I_CMD_STATUS                                                                                                                                                                                |    <0.001 |
|               GEN_INCLUDE_STATUS_FIFO.I_STS_FIFO                                                                                                                                                        |    <0.001 |
|                 USE_SRL_FIFO.I_SYNC_FIFO                                                                                                                                                                |    <0.001 |
|                   I_SRL_FIFO_RBU_F                                                                                                                                                                      |    <0.001 |
|                     CNTR_INCR_DECR_ADDN_F_I                                                                                                                                                             |    <0.001 |
|                     DYNSHREG_F_I                                                                                                                                                                        |    <0.001 |
|               I_CMD_FIFO                                                                                                                                                                                |    <0.001 |
|                 USE_SRL_FIFO.I_SYNC_FIFO                                                                                                                                                                |    <0.001 |
|                   I_SRL_FIFO_RBU_F                                                                                                                                                                      |    <0.001 |
|                     CNTR_INCR_DECR_ADDN_F_I                                                                                                                                                             |    <0.001 |
|                     DYNSHREG_F_I                                                                                                                                                                        |    <0.001 |
|             I_RESET                                                                                                                                                                                     |    <0.001 |
|             I_S2MM_MMAP_SKID_BUF                                                                                                                                                                        |    <0.001 |
|             I_WR_DATA_CNTL                                                                                                                                                                              |    <0.001 |
|               GEN_DATA_CNTL_FIFO.I_DATA_CNTL_FIFO                                                                                                                                                       |    <0.001 |
|                 USE_SRL_FIFO.I_SYNC_FIFO                                                                                                                                                                |    <0.001 |
|                   I_SRL_FIFO_RBU_F                                                                                                                                                                      |    <0.001 |
|                     CNTR_INCR_DECR_ADDN_F_I                                                                                                                                                             |    <0.001 |
|                     DYNSHREG_F_I                                                                                                                                                                        |    <0.001 |
|             I_WR_STATUS_CNTLR                                                                                                                                                                           |    <0.001 |
|               GEN_ENABLE_INDET_BTT.I_SF_DATA_CNTL_STATUS_FIFO                                                                                                                                           |    <0.001 |
|                 USE_SRL_FIFO.I_SYNC_FIFO                                                                                                                                                                |    <0.001 |
|                   I_SRL_FIFO_RBU_F                                                                                                                                                                      |    <0.001 |
|                     CNTR_INCR_DECR_ADDN_F_I                                                                                                                                                             |    <0.001 |
|                     DYNSHREG_F_I                                                                                                                                                                        |    <0.001 |
|               I_WRESP_STATUS_FIFO                                                                                                                                                                       |    <0.001 |
|                 USE_SRL_FIFO.I_SYNC_FIFO                                                                                                                                                                |    <0.001 |
|                   I_SRL_FIFO_RBU_F                                                                                                                                                                      |    <0.001 |
|                     CNTR_INCR_DECR_ADDN_F_I                                                                                                                                                             |    <0.001 |
|                     DYNSHREG_F_I                                                                                                                                                                        |    <0.001 |
|         I_RST_MODULE                                                                                                                                                                                    |    <0.001 |
|           GEN_RESET_FOR_S2MM.RESET_I                                                                                                                                                                    |    <0.001 |
|     processing_system7_0                                                                                                                                                                                |     1.535 |
|       inst                                                                                                                                                                                              |     1.535 |
|         xlnx_axi_wrshim_unwrap_inst_gp0                                                                                                                                                                 |     0.000 |
|         xlnx_axi_wrshim_unwrap_inst_gp1                                                                                                                                                                 |     0.000 |
|     processing_system7_0_axi_periph                                                                                                                                                                     |     0.004 |
|       s00_couplers                                                                                                                                                                                      |     0.004 |
|         auto_pc                                                                                                                                                                                         |     0.004 |
|           inst                                                                                                                                                                                          |     0.004 |
|             gen_axilite.gen_b2s_conv.axilite_b2s                                                                                                                                                        |     0.004 |
|               RD.ar_channel_0                                                                                                                                                                           |    <0.001 |
|                 ar_cmd_fsm_0                                                                                                                                                                            |    <0.001 |
|                 cmd_translator_0                                                                                                                                                                        |    <0.001 |
|                   incr_cmd_0                                                                                                                                                                            |    <0.001 |
|                   wrap_cmd_0                                                                                                                                                                            |    <0.001 |
|               RD.r_channel_0                                                                                                                                                                            |    <0.001 |
|                 rd_data_fifo_0                                                                                                                                                                          |    <0.001 |
|                 transaction_fifo_0                                                                                                                                                                      |    <0.001 |
|               SI_REG                                                                                                                                                                                    |     0.001 |
|                 ar_pipe                                                                                                                                                                                 |    <0.001 |
|                 aw_pipe                                                                                                                                                                                 |    <0.001 |
|                 b_pipe                                                                                                                                                                                  |    <0.001 |
|                 r_pipe                                                                                                                                                                                  |    <0.001 |
|               WR.aw_channel_0                                                                                                                                                                           |    <0.001 |
|                 aw_cmd_fsm_0                                                                                                                                                                            |    <0.001 |
|                 cmd_translator_0                                                                                                                                                                        |    <0.001 |
|                   incr_cmd_0                                                                                                                                                                            |    <0.001 |
|                   wrap_cmd_0                                                                                                                                                                            |    <0.001 |
|               WR.b_channel_0                                                                                                                                                                            |    <0.001 |
|                 bid_fifo_0                                                                                                                                                                              |    <0.001 |
|                 bresp_fifo_0                                                                                                                                                                            |    <0.001 |
|       xbar                                                                                                                                                                                              |    <0.001 |
|         inst                                                                                                                                                                                            |    <0.001 |
|           gen_sasd.crossbar_sasd_0                                                                                                                                                                      |    <0.001 |
|             addr_arbiter_inst                                                                                                                                                                           |    <0.001 |
|             gen_decerr.decerr_slave_inst                                                                                                                                                                |    <0.001 |
|             reg_slice_r                                                                                                                                                                                 |    <0.001 |
|             splitter_ar                                                                                                                                                                                 |    <0.001 |
|             splitter_aw                                                                                                                                                                                 |    <0.001 |
|     rst_processing_system7_0_100M                                                                                                                                                                       |    <0.001 |
|       U0                                                                                                                                                                                                |    <0.001 |
|         EXT_LPF                                                                                                                                                                                         |    <0.001 |
|           ACTIVE_LOW_EXT.ACT_LO_EXT                                                                                                                                                                     |    <0.001 |
|         SEQ                                                                                                                                                                                             |    <0.001 |
|           SEQ_COUNTER                                                                                                                                                                                   |    <0.001 |
|     v_tpg_0                                                                                                                                                                                             |     0.012 |
|       inst                                                                                                                                                                                              |     0.012 |
|         bckgndYUV_V_val_0_V_U                                                                                                                                                                           |    <0.001 |
|           U_design_1_v_tpg_0_0_FIFO_v_tpg_bckgndYUV_V_val_0_V_ram                                                                                                                                       |    <0.001 |
|         bckgndYUV_V_val_1_V_U                                                                                                                                                                           |    <0.001 |
|           U_design_1_v_tpg_0_0_FIFO_v_tpg_bckgndYUV_V_val_1_V_ram                                                                                                                                       |    <0.001 |
|         bckgndYUV_V_val_2_V_U                                                                                                                                                                           |    <0.001 |
|           U_design_1_v_tpg_0_0_FIFO_v_tpg_bckgndYUV_V_val_2_V_ram                                                                                                                                       |    <0.001 |
|         ovrlayYUV_V_val_0_V_U                                                                                                                                                                           |    <0.001 |
|           U_design_1_v_tpg_0_0_FIFO_v_tpg_ovrlayYUV_V_val_0_V_ram                                                                                                                                       |    <0.001 |
|         ovrlayYUV_V_val_1_V_U                                                                                                                                                                           |    <0.001 |
|           U_design_1_v_tpg_0_0_FIFO_v_tpg_ovrlayYUV_V_val_1_V_ram                                                                                                                                       |    <0.001 |
|         ovrlayYUV_V_val_2_V_U                                                                                                                                                                           |    <0.001 |
|           U_design_1_v_tpg_0_0_FIFO_v_tpg_ovrlayYUV_V_val_2_V_ram                                                                                                                                       |    <0.001 |
|         v_tpg_CTRL_s_axi_U                                                                                                                                                                              |     0.001 |
|         v_tpg_MultiPixStream2AXIvideo_U0                                                                                                                                                                |    <0.001 |
|           grp_v_tpg_reg_unsigned_short_s_fu_247                                                                                                                                                         |    <0.001 |
|           grp_v_tpg_reg_unsigned_short_s_fu_253                                                                                                                                                         |    <0.001 |
|           mapComp_U                                                                                                                                                                                     |    <0.001 |
|             design_1_v_tpg_0_0_v_tpg_MultiPixStream2AXIvideo_mapComp_rom_U                                                                                                                              |    <0.001 |
|         v_tpg_tpgBackground_U0                                                                                                                                                                          |     0.007 |
|           call_ret13_v_tpg_tpgPatternVerticalHorizontalRa_fu_487                                                                                                                                        |    <0.001 |
|           call_ret15_v_tpg_tpgPRBS_fu_526                                                                                                                                                               |    <0.001 |
|           call_ret2_v_tpg_tpgPatternHorizontalRamp_fu_557                                                                                                                                               |    <0.001 |
|           call_ret3_v_tpg_tpgPatternVerticalRamp_fu_475                                                                                                                                                 |    <0.001 |
|           grp_v_tpg_tpgPatternCheckerBoard_fu_364                                                                                                                                                       |    <0.001 |
|             tpgBarSelYuv_y229_U                                                                                                                                                                         |    <0.001 |
|               design_1_v_tpg_0_0_v_tpg_tpgPatternCheckerBoard_tpgBarSelYuv_y229_rom_U                                                                                                                   |    <0.001 |
|             tpgCheckerBoardArray_U                                                                                                                                                                      |    <0.001 |
|               design_1_v_tpg_0_0_v_tpg_tpgPatternCheckerBoard_tpgCheckerBoardArray_rom_U                                                                                                                |    <0.001 |
|           grp_v_tpg_tpgPatternColorBars_fu_451                                                                                                                                                          |    <0.001 |
|             tpgBarSelRgb_b236_U                                                                                                                                                                         |    <0.001 |
|               design_1_v_tpg_0_0_v_tpg_tpgPatternCheckerBoard_tpgBarSelRgb_b238_rom_U                                                                                                                   |    <0.001 |
|             tpgBarSelRgb_r230_U                                                                                                                                                                         |    <0.001 |
|               design_1_v_tpg_0_0_v_tpg_tpgPatternCheckerBoard_tpgBarSelRgb_r232_rom_U                                                                                                                   |    <0.001 |
|             tpgBarSelYuv_u224_U                                                                                                                                                                         |    <0.001 |
|               design_1_v_tpg_0_0_v_tpg_tpgPatternCheckerBoard_tpgBarSelYuv_u226_rom_U                                                                                                                   |    <0.001 |
|             tpgBarSelYuv_v221_U                                                                                                                                                                         |    <0.001 |
|               design_1_v_tpg_0_0_v_tpg_tpgPatternCheckerBoard_tpgBarSelYuv_v223_rom_U                                                                                                                   |    <0.001 |
|             tpgBarSelYuv_y227_U                                                                                                                                                                         |    <0.001 |
|               design_1_v_tpg_0_0_v_tpg_tpgPatternCheckerBoard_tpgBarSelYuv_y229_rom_U                                                                                                                   |    <0.001 |
|           grp_v_tpg_tpgPatternCrossHatch_fu_430                                                                                                                                                         |    <0.001 |
|             blkYuv_1_U                                                                                                                                                                                  |    <0.001 |
|               design_1_v_tpg_0_0_v_tpg_tpgPatternCrossHatch_blkYuv_1_rom_U                                                                                                                              |    <0.001 |
|             whiYuv_1_U                                                                                                                                                                                  |    <0.001 |
|               design_1_v_tpg_0_0_v_tpg_tpgPatternCrossHatch_whiYuv_1_rom_U                                                                                                                              |    <0.001 |
|           grp_v_tpg_tpgPatternRainbow_fu_331                                                                                                                                                            |    <0.001 |
|             tpgSinTableArray_9bit_U                                                                                                                                                                     |    <0.001 |
|               design_1_v_tpg_0_0_v_tpg_tpgPatternRainbow_tpgSinTableArray_9bit_rom_U                                                                                                                    |    <0.001 |
|           grp_v_tpg_tpgPatternSolidBlack_fu_548                                                                                                                                                         |    <0.001 |
|             blkYuv_U                                                                                                                                                                                    |    <0.001 |
|               design_1_v_tpg_0_0_v_tpg_tpgPatternCrossHatch_blkYuv_1_rom_U                                                                                                                              |    <0.001 |
|           grp_v_tpg_tpgPatternSolidBlue_fu_499                                                                                                                                                          |    <0.001 |
|             bluYuv_U                                                                                                                                                                                    |    <0.001 |
|               design_1_v_tpg_0_0_v_tpg_tpgPatternSolidBlue_bluYuv_rom_U                                                                                                                                 |    <0.001 |
|           grp_v_tpg_tpgPatternSolidGreen_fu_508                                                                                                                                                         |    <0.001 |
|             grnYuv_U                                                                                                                                                                                    |    <0.001 |
|               design_1_v_tpg_0_0_v_tpg_tpgPatternSolidGreen_grnYuv_rom_U                                                                                                                                |    <0.001 |
|           grp_v_tpg_tpgPatternSolidRed_fu_517                                                                                                                                                           |    <0.001 |
|             redYuv_U                                                                                                                                                                                    |    <0.001 |
|               design_1_v_tpg_0_0_v_tpg_tpgPatternSolidRed_redYuv_rom_U                                                                                                                                  |    <0.001 |
|           grp_v_tpg_tpgPatternSolidWhite_fu_539                                                                                                                                                         |    <0.001 |
|             whiYuv_U                                                                                                                                                                                    |    <0.001 |
|               design_1_v_tpg_0_0_v_tpg_tpgPatternCrossHatch_whiYuv_1_rom_U                                                                                                                              |    <0.001 |
|           grp_v_tpg_tpgPatternTartanColorBars_fu_397                                                                                                                                                    |    <0.001 |
|             tpgBarSelRgb_b237_U                                                                                                                                                                         |    <0.001 |
|               design_1_v_tpg_0_0_v_tpg_tpgPatternCheckerBoard_tpgBarSelRgb_b238_rom_U                                                                                                                   |    <0.001 |
|             tpgBarSelRgb_r231_U                                                                                                                                                                         |    <0.001 |
|               design_1_v_tpg_0_0_v_tpg_tpgPatternCheckerBoard_tpgBarSelRgb_r232_rom_U                                                                                                                   |    <0.001 |
|             tpgBarSelYuv_u225_U                                                                                                                                                                         |    <0.001 |
|               design_1_v_tpg_0_0_v_tpg_tpgPatternCheckerBoard_tpgBarSelYuv_u226_rom_U                                                                                                                   |    <0.001 |
|             tpgBarSelYuv_v222_U                                                                                                                                                                         |    <0.001 |
|               design_1_v_tpg_0_0_v_tpg_tpgPatternCheckerBoard_tpgBarSelYuv_v223_rom_U                                                                                                                   |    <0.001 |
|             tpgBarSelYuv_y228_U                                                                                                                                                                         |    <0.001 |
|               design_1_v_tpg_0_0_v_tpg_tpgPatternCheckerBoard_tpgBarSelYuv_y229_rom_U                                                                                                                   |    <0.001 |
|             tpgTartanBarArray_U                                                                                                                                                                         |    <0.001 |
|               design_1_v_tpg_0_0_v_tpg_tpgPatternTartanColorBars_tpgTartanBarArray_rom_U                                                                                                                |    <0.001 |
|           grp_v_tpg_tpgPatternZonePlate_fu_340                                                                                                                                                          |     0.004 |
|             tpgSinTableArray_U                                                                                                                                                                          |    <0.001 |
|               design_1_v_tpg_0_0_v_tpg_tpgPatternZonePlate_tpgSinTableArray_rom_U                                                                                                                       |    <0.001 |
|             v_tpg_am_addmul_1s_16ns_16ns_32_1_U36                                                                                                                                                       |     0.001 |
|               design_1_v_tpg_0_0_v_tpg_am_addmul_1s_16ns_16ns_32_1_DSP48_0_U                                                                                                                            |     0.001 |
|             v_tpg_mac_muladd_16s_16s_16s_16_1_U37                                                                                                                                                       |     0.001 |
|               design_1_v_tpg_0_0_v_tpg_mac_muladd_16s_16s_16s_16_1_DSP48_1_U                                                                                                                            |     0.001 |
|             v_tpg_mul_mul_9ns_20s_27_1_U39                                                                                                                                                              |    <0.001 |
|               design_1_v_tpg_0_0_v_tpg_mul_mul_9ns_20s_27_1_DSP48_3_U                                                                                                                                   |    <0.001 |
|         v_tpg_tpgForeground_U0                                                                                                                                                                          |     0.002 |
|           grp_v_tpg_tpgPatternBox_fu_251                                                                                                                                                                |    <0.001 |
|           grp_v_tpg_tpgPatternCrossHair_fu_278                                                                                                                                                          |    <0.001 |
|             whiYuv_2_U                                                                                                                                                                                  |    <0.001 |
|               design_1_v_tpg_0_0_v_tpg_tpgPatternCrossHair_whiYuv_2_rom_U                                                                                                                               |    <0.001 |
|   iic_0_scl_iobuf                                                                                                                                                                                       |    <0.001 |
|   iic_0_sda_iobuf                                                                                                                                                                                       |    <0.001 |
|   iic_1_scl_iobuf                                                                                                                                                                                       |    <0.001 |
|   iic_1_sda_iobuf                                                                                                                                                                                       |    <0.001 |
+---------------------------------------------------------------------------------------------------------------------------------------------------------------------------------------------------------+-----------+


